Using pre-set license
Built from '2022.3/release' branch; Version is '2022.3.0f1 (fb119bb0b476) revision 16454043'; Using compiler version '192829333'; Build Type 'Release'
OS: 'Windows 10  (10.0.19045) 64bit Core' Language: 'it' Physical Memory: 7069 MB
BatchMode: 1, IsHumanControllingUs: 0, StartBugReporterOnCrash: 0, Is64bit: 1, IsPro: 1

COMMAND LINE ARGUMENTS:
C:\Program Files\Unity\Hub\Editor\2022.3.0f1\Editor\Unity.exe
-adb2
-batchMode
-noUpm
-name
AssetImportWorker0
-projectPath
C:/Users/Laura/source/repos/Mortar-Mortar
-logFile
Logs/AssetImportWorker0.log
-srvPort
64035
Successfully changed project path to: C:/Users/Laura/source/repos/Mortar-Mortar
C:/Users/Laura/source/repos/Mortar-Mortar
[UnityMemory] Configuration Parameters - Can be set up in boot.config
    "memorysetup-bucket-allocator-granularity=16"
    "memorysetup-bucket-allocator-bucket-count=8"
    "memorysetup-bucket-allocator-block-size=33554432"
    "memorysetup-bucket-allocator-block-count=8"
    "memorysetup-main-allocator-block-size=16777216"
    "memorysetup-thread-allocator-block-size=16777216"
    "memorysetup-gfx-main-allocator-block-size=16777216"
    "memorysetup-gfx-thread-allocator-block-size=16777216"
    "memorysetup-cache-allocator-block-size=4194304"
    "memorysetup-typetree-allocator-block-size=2097152"
    "memorysetup-profiler-bucket-allocator-granularity=16"
    "memorysetup-profiler-bucket-allocator-bucket-count=8"
    "memorysetup-profiler-bucket-allocator-block-size=33554432"
    "memorysetup-profiler-bucket-allocator-block-count=8"
    "memorysetup-profiler-allocator-block-size=16777216"
    "memorysetup-profiler-editor-allocator-block-size=1048576"
    "memorysetup-temp-allocator-size-main=16777216"
    "memorysetup-job-temp-allocator-block-size=2097152"
    "memorysetup-job-temp-allocator-block-size-background=1048576"
    "memorysetup-job-temp-allocator-reduction-small-platforms=262144"
    "memorysetup-allocator-temp-initial-block-size-main=262144"
    "memorysetup-allocator-temp-initial-block-size-worker=262144"
    "memorysetup-temp-allocator-size-background-worker=32768"
    "memorysetup-temp-allocator-size-job-worker=262144"
    "memorysetup-temp-allocator-size-preload-manager=33554432"
    "memorysetup-temp-allocator-size-nav-mesh-worker=65536"
    "memorysetup-temp-allocator-size-audio-worker=65536"
    "memorysetup-temp-allocator-size-cloud-worker=32768"
    "memorysetup-temp-allocator-size-gi-baking-worker=262144"
    "memorysetup-temp-allocator-size-gfx=262144"
Player connection [12364] Host "[IP] 192.168.1.3 [Port] 0 [Flags] 2 [Guid] 1045699665 [EditorId] 1045699665 [Version] 1048832 [Id] WindowsEditor(7,LAPTOP-GHLI4CG2) [Debug] 1 [PackageName] WindowsEditor [ProjectName] Editor" joined multi-casting on [225.0.0.222:54997]...

Player connection [12364] Host "[IP] 192.168.1.3 [Port] 0 [Flags] 2 [Guid] 1045699665 [EditorId] 1045699665 [Version] 1048832 [Id] WindowsEditor(7,LAPTOP-GHLI4CG2) [Debug] 1 [PackageName] WindowsEditor [ProjectName] Editor" joined alternative multi-casting on [225.0.0.222:34997]...

Refreshing native plugins compatible for Editor in 2614.01 ms, found 11 plugins.
Preloading 0 native plugins for Editor in 0.00 ms.
Initialize engine version: 2022.3.0f1 (fb119bb0b476)
[Subsystems] Discovering subsystems at path C:/Program Files/Unity/Hub/Editor/2022.3.0f1/Editor/Data/Resources/UnitySubsystems
[Subsystems] Discovering subsystems at path C:/Users/Laura/source/repos/Mortar-Mortar/Assets
GfxDevice: creating device client; threaded=0; jobified=0
Direct3D:
    Version:  Direct3D 11.0 [level 11.1]
    Renderer: AMD Radeon(TM) Vega 8 Mobile Graphics (ID=0x15dd)
    Vendor:   ATI
    VRAM:     3534 MB
    Driver:   23.20.815.6144
Shader 'TextMeshPro/Distance Field (UIHsvModifier)': fallback shader 'TextMeshPro/Mobile/Distance Field (UIHsv)' not found
Initialize mono
Mono path[0] = 'C:/Program Files/Unity/Hub/Editor/2022.3.0f1/Editor/Data/Managed'
Mono path[1] = 'C:/Program Files/Unity/Hub/Editor/2022.3.0f1/Editor/Data/MonoBleedingEdge/lib/mono/unityjit-win32'
Mono config path = 'C:/Program Files/Unity/Hub/Editor/2022.3.0f1/Editor/Data/MonoBleedingEdge/etc'
Using monoOptions --debugger-agent=transport=dt_socket,embedding=1,server=y,suspend=n,address=127.0.0.1:56044
Begin MonoManager ReloadAssembly
Registering precompiled unity dll's ...
Register platform support module: C:/Program Files/Unity/Hub/Editor/2022.3.0f1/Editor/Data/PlaybackEngines/AndroidPlayer/UnityEditor.Android.Extensions.dll
Register platform support module: C:/Program Files/Unity/Hub/Editor/2022.3.0f1/Editor/Data/PlaybackEngines/WindowsStandaloneSupport/UnityEditor.WindowsStandalone.Extensions.dll
Registered in 0.040149 seconds.
- Loaded All Assemblies, in  1.738 seconds
Native extension for WindowsStandalone target not found
Native extension for Android target not found
Android Extension - Scanning For ADB Devices 3501 ms
Mono: successfully reloaded assembly
- Finished resetting the current domain, in  5.429 seconds
Domain Reload Profiling: 7161ms
	BeginReloadAssembly (590ms)
		ExecutionOrderSort (0ms)
		DisableScriptedObjects (0ms)
		BackupInstance (0ms)
		ReleaseScriptingObjects (0ms)
		CreateAndSetChildDomain (3ms)
	RebuildCommonClasses (139ms)
	RebuildNativeTypeToScriptingClass (36ms)
	initialDomainReloadingComplete (269ms)
	LoadAllAssembliesAndSetupDomain (695ms)
		LoadAssemblies (575ms)
		RebuildTransferFunctionScriptingTraits (0ms)
		AnalyzeDomain (664ms)
			TypeCache.Refresh (660ms)
				TypeCache.ScanAssembly (618ms)
			ScanForSourceGeneratedMonoScriptInfo (1ms)
			ResolveRequiredComponents (2ms)
	FinalizeReload (5432ms)
		ReleaseScriptCaches (0ms)
		RebuildScriptCaches (0ms)
		SetupLoadedEditorAssemblies (5173ms)
			LogAssemblyErrors (0ms)
			InitializePlatformSupportModulesInManaged (4404ms)
			SetLoadedEditorAssemblies (15ms)
			RefreshPlugins (0ms)
			BeforeProcessingInitializeOnLoad (8ms)
			ProcessInitializeOnLoadAttributes (512ms)
			ProcessInitializeOnLoadMethodAttributes (233ms)
			AfterProcessingInitializeOnLoad (1ms)
			EditorAssembliesLoaded (1ms)
		ExecutionOrderSort2 (0ms)
		AwakeInstancesAfterBackupRestoration (0ms)
========================================================================
Worker process is ready to serve import requests
Begin MonoManager ReloadAssembly
Symbol file LoadedFromMemory doesn't match image C:\Users\Laura\source\repos\Mortar-Mortar\Library\PackageCache\com.unity.visualscripting@1.8.0\Editor\VisualScripting.Core\Dependencies\YamlDotNet\Unity.VisualScripting.YamlDotNet.dll
Symbol file LoadedFromMemory doesn't match image C:\Users\Laura\source\repos\Mortar-Mortar\Library\PackageCache\com.unity.visualscripting@1.8.0\Editor\VisualScripting.Core\Dependencies\DotNetZip\Unity.VisualScripting.IonicZip.dll
- Loaded All Assemblies, in  9.878 seconds
Refreshing native plugins compatible for Editor in 83.25 ms, found 11 plugins.
Native extension for WindowsStandalone target not found
Native extension for Android target not found
Package Manager log level set to [2]
[Package Manager] Server::EnsureServerProcessIsRunning -- launch failed, reason: Unity was launched with the -noUpm command-line argument
[Package Manager] UpmClient::Send -- Unable to send message (not connected to UPM process).
[Package Manager] Cannot connect to Unity Package Manager local server
Mono: successfully reloaded assembly
[Package Manager] Server::EnsureServerProcessIsRunning -- launch failed, reason: Unity was launched with the -noUpm command-line argument
[Package Manager] UpmClient::Send -- Unable to send message (not connected to UPM process).
[Package Manager] Cannot connect to Unity Package Manager local server
[Package Manager] Server::EnsureServerProcessIsRunning -- launch failed, reason: Unity was launched with the -noUpm command-line argument
[Package Manager] UpmClient::Send -- Unable to send message (not connected to UPM process).
[Package Manager] Cannot connect to Unity Package Manager local server
- Finished resetting the current domain, in  4.618 seconds
Domain Reload Profiling: 14472ms
	BeginReloadAssembly (564ms)
		ExecutionOrderSort (0ms)
		DisableScriptedObjects (16ms)
		BackupInstance (0ms)
		ReleaseScriptingObjects (1ms)
		CreateAndSetChildDomain (64ms)
	RebuildCommonClasses (131ms)
	RebuildNativeTypeToScriptingClass (34ms)
	initialDomainReloadingComplete (151ms)
	LoadAllAssembliesAndSetupDomain (8974ms)
		LoadAssemblies (7428ms)
		RebuildTransferFunctionScriptingTraits (0ms)
		AnalyzeDomain (1714ms)
			TypeCache.Refresh (1522ms)
				TypeCache.ScanAssembly (1452ms)
			ScanForSourceGeneratedMonoScriptInfo (136ms)
			ResolveRequiredComponents (56ms)
	FinalizeReload (4619ms)
		ReleaseScriptCaches (0ms)
		RebuildScriptCaches (0ms)
		SetupLoadedEditorAssemblies (3335ms)
			LogAssemblyErrors (0ms)
			InitializePlatformSupportModulesInManaged (117ms)
			SetLoadedEditorAssemblies (18ms)
			RefreshPlugins (0ms)
			BeforeProcessingInitializeOnLoad (504ms)
			ProcessInitializeOnLoadAttributes (1886ms)
			ProcessInitializeOnLoadMethodAttributes (764ms)
			AfterProcessingInitializeOnLoad (44ms)
			EditorAssembliesLoaded (1ms)
		ExecutionOrderSort2 (0ms)
		AwakeInstancesAfterBackupRestoration (21ms)
Shader 'TextMeshPro/Distance Field (UIHsvModifier)': fallback shader 'TextMeshPro/Mobile/Distance Field (UIHsv)' not found
Launched and connected shader compiler UnityShaderCompiler.exe after 0.25 seconds
Refreshing native plugins compatible for Editor in 72.80 ms, found 11 plugins.
Preloading 0 native plugins for Editor in 0.00 ms.
Unloading 7286 Unused Serialized files (Serialized files now loaded: 0)
Unloading 117 unused Assets / (2.4 MB). Loaded Objects now: 7761.
Memory consumption went from 358.3 MB to 355.9 MB.
Total: 356.755600 ms (FindLiveObjects: 1.830600 ms CreateObjectMapping: 1.158500 ms MarkObjects: 350.803100 ms  DeleteObjects: 2.959200 ms)

AssetImportParameters requested are different than current active one (requested -> active):
  custom:container-demuxer-ogg: 62fdf1f143b41e24485cea50d1cbac27 -> 
  custom:framework-win-MediaFoundation: 216162199b28c13a410421893ffa2e32 -> 
  custom:container-muxer-webm: aa71ff27fc2769a1b78a27578f13a17b -> 
  custom:video-decoder-webm-vp8: 9c59270c3fd7afecdb556c50c9e8de78 -> 
  custom:AudioImporter_EditorPlatform: d09bf68614088b80899f8185d706f6e7 -> 
  custom:audio-decoder-ogg-vorbis: bf7c407c2cedff20999df2af8eb42d56 -> 
  custom:audio-encoder-webm-vorbis: bf7c407c2cedff20999df2af8eb42d56 -> 
  custom:video-codec-MediaFoundation-h265: 746d11721c4dcdbdad8f713fa42b33f4 -> 
  custom:video-decoder-ogg-theora: a1e56fd34408186e4bbccfd4996cb3dc -> 
  custom:container-demuxer-webm: 4f35f7cbe854078d1ac9338744f61a02 -> 
  custom:video-encoder-webm-vp8: eb34c28f22e8b96e1ab97ce403110664 -> 
========================================================================
Received Import Request.
  Time since last request: 1281072.644387 seconds.
  path: Assets/Scenes/Menu.unity
  artifactKey: Guid(2b24f7fa58fce824ebcebca62c09d35b) Importer(815301076,1909f56bfc062723c751e8b465ee728b)
Start importing Assets/Scenes/Menu.unity using Guid(2b24f7fa58fce824ebcebca62c09d35b) Importer(815301076,1909f56bfc062723c751e8b465ee728b)  -> (artifact id: 'e13c2b196f46caef8bf45e7dd389b511') in 0.005116 seconds
Number of updated asset objects reloaded before import = 0
Number of asset objects unloaded after import = 0
========================================================================
Received Import Request.
  Time since last request: 48.329865 seconds.
  path: Assets/Project/Scripts/AutoPlacement.cs
  artifactKey: Guid(64d69cb6cd389c24a8ad029c0a476c4e) Importer(815301076,1909f56bfc062723c751e8b465ee728b)
Start importing Assets/Project/Scripts/AutoPlacement.cs using Guid(64d69cb6cd389c24a8ad029c0a476c4e) Importer(815301076,1909f56bfc062723c751e8b465ee728b)  -> (artifact id: '79e73ab575d0bf8d527f4c12a9e6bd6d') in 0.003207 seconds
Number of updated asset objects reloaded before import = 0
Number of asset objects unloaded after import = 0
========================================================================
Received Import Request.
  Time since last request: 55.993752 seconds.
  path: Assets/Scripts/AutoPlacement.cs
  artifactKey: Guid(10573cf606ee7054382e005b47bdffda) Importer(815301076,1909f56bfc062723c751e8b465ee728b)
Start importing Assets/Scripts/AutoPlacement.cs using Guid(10573cf606ee7054382e005b47bdffda) Importer(815301076,1909f56bfc062723c751e8b465ee728b)  -> (artifact id: 'fedfb3d15e6ed32fe94abbbd7fa4880f') in 0.007947 seconds
Number of updated asset objects reloaded before import = 0
Number of asset objects unloaded after import = 0
========================================================================
Received Import Request.
  Time since last request: 19.522087 seconds.
  path: Assets/Scripts/AutoPlacement1.cs
  artifactKey: Guid(10573cf606ee7054382e005b47bdffda) Importer(815301076,1909f56bfc062723c751e8b465ee728b)
Start importing Assets/Scripts/AutoPlacement1.cs using Guid(10573cf606ee7054382e005b47bdffda) Importer(815301076,1909f56bfc062723c751e8b465ee728b)  -> (artifact id: 'd38801e9d5a53deb30c654dfbd40ed09') in 0.001695 seconds
Number of updated asset objects reloaded before import = 0
Number of asset objects unloaded after import = 0
========================================================================
Received Prepare
Begin MonoManager ReloadAssembly
Symbol file LoadedFromMemory doesn't match image C:\Users\Laura\source\repos\Mortar-Mortar\Library\PackageCache\com.unity.visualscripting@1.8.0\Editor\VisualScripting.Core\Dependencies\YamlDotNet\Unity.VisualScripting.YamlDotNet.dll
Symbol file LoadedFromMemory doesn't match image C:\Users\Laura\source\repos\Mortar-Mortar\Library\PackageCache\com.unity.visualscripting@1.8.0\Editor\VisualScripting.Core\Dependencies\DotNetZip\Unity.VisualScripting.IonicZip.dll
- Loaded All Assemblies, in 10.090 seconds
Refreshing native plugins compatible for Editor in 157.08 ms, found 11 plugins.
Native extension for WindowsStandalone target not found
Native extension for Android target not found
[Package Manager] Server::EnsureServerProcessIsRunning -- launch failed, reason: Unity was launched with the -noUpm command-line argument
[Package Manager] UpmClient::Send -- Unable to send message (not connected to UPM process).
[Package Manager] Cannot connect to Unity Package Manager local server
Mono: successfully reloaded assembly
[Package Manager] Server::EnsureServerProcessIsRunning -- launch failed, reason: Unity was launched with the -noUpm command-line argument
[Package Manager] UpmClient::Send -- Unable to send message (not connected to UPM process).
[Package Manager] Cannot connect to Unity Package Manager local server
- Finished resetting the current domain, in 24.886 seconds
Domain Reload Profiling: 34949ms
	BeginReloadAssembly (1219ms)
		ExecutionOrderSort (0ms)
		DisableScriptedObjects (21ms)
		BackupInstance (0ms)
		ReleaseScriptingObjects (1ms)
		CreateAndSetChildDomain (643ms)
	RebuildCommonClasses (167ms)
	RebuildNativeTypeToScriptingClass (47ms)
	initialDomainReloadingComplete (254ms)
	LoadAllAssembliesAndSetupDomain (8374ms)
		LoadAssemblies (5151ms)
		RebuildTransferFunctionScriptingTraits (0ms)
		AnalyzeDomain (3537ms)
			TypeCache.Refresh (3277ms)
				TypeCache.ScanAssembly (2834ms)
			ScanForSourceGeneratedMonoScriptInfo (197ms)
			ResolveRequiredComponents (62ms)
	FinalizeReload (24888ms)
		ReleaseScriptCaches (0ms)
		RebuildScriptCaches (0ms)
		SetupLoadedEditorAssemblies (4449ms)
			LogAssemblyErrors (0ms)
			InitializePlatformSupportModulesInManaged (163ms)
			SetLoadedEditorAssemblies (39ms)
			RefreshPlugins (0ms)
			BeforeProcessingInitializeOnLoad (546ms)
			ProcessInitializeOnLoadAttributes (2166ms)
			ProcessInitializeOnLoadMethodAttributes (1479ms)
			AfterProcessingInitializeOnLoad (55ms)
			EditorAssembliesLoaded (2ms)
		ExecutionOrderSort2 (0ms)
		AwakeInstancesAfterBackupRestoration (71ms)
Shader 'TextMeshPro/Distance Field (UIHsvModifier)': fallback shader 'TextMeshPro/Mobile/Distance Field (UIHsv)' not found
Refreshing native plugins compatible for Editor in 85.33 ms, found 11 plugins.
Preloading 0 native plugins for Editor in 0.00 ms.
Unloading 7057 Unused Serialized files (Serialized files now loaded: 0)
Unloading 85 unused Assets / (2.5 MB). Loaded Objects now: 7765.
Memory consumption went from 317.9 MB to 315.5 MB.
Total: 34.863900 ms (FindLiveObjects: 1.967600 ms CreateObjectMapping: 1.300700 ms MarkObjects: 26.453900 ms  DeleteObjects: 5.136600 ms)

Prepare: number of updated asset objects reloaded= 0
AssetImportParameters requested are different than current active one (requested -> active):
  custom:container-demuxer-ogg: 62fdf1f143b41e24485cea50d1cbac27 -> 
  custom:framework-win-MediaFoundation: 216162199b28c13a410421893ffa2e32 -> 
  custom:container-muxer-webm: aa71ff27fc2769a1b78a27578f13a17b -> 
  custom:video-decoder-webm-vp8: 9c59270c3fd7afecdb556c50c9e8de78 -> 
  custom:AudioImporter_EditorPlatform: d09bf68614088b80899f8185d706f6e7 -> 
  custom:audio-decoder-ogg-vorbis: bf7c407c2cedff20999df2af8eb42d56 -> 
  custom:audio-encoder-webm-vorbis: bf7c407c2cedff20999df2af8eb42d56 -> 
  custom:video-codec-MediaFoundation-h265: 746d11721c4dcdbdad8f713fa42b33f4 -> 
  custom:video-decoder-ogg-theora: a1e56fd34408186e4bbccfd4996cb3dc -> 
  custom:container-demuxer-webm: 4f35f7cbe854078d1ac9338744f61a02 -> 
  custom:video-encoder-webm-vp8: eb34c28f22e8b96e1ab97ce403110664 -> 
========================================================================
Received Import Request.
  Time since last request: 122.412441 seconds.
  path: Assets/Scripts/AutoPlacement1.cs
  artifactKey: Guid(10573cf606ee7054382e005b47bdffda) Importer(815301076,1909f56bfc062723c751e8b465ee728b)
Start importing Assets/Scripts/AutoPlacement1.cs using Guid(10573cf606ee7054382e005b47bdffda) Importer(815301076,1909f56bfc062723c751e8b465ee728b)  -> (artifact id: '4083e05a985b4cad05c395ea82c47b34') in 0.030122 seconds
Number of updated asset objects reloaded before import = 0
Number of asset objects unloaded after import = 0
========================================================================
Received Prepare
Begin MonoManager ReloadAssembly
Symbol file LoadedFromMemory doesn't match image C:\Users\Laura\source\repos\Mortar-Mortar\Library\PackageCache\com.unity.visualscripting@1.8.0\Editor\VisualScripting.Core\Dependencies\YamlDotNet\Unity.VisualScripting.YamlDotNet.dll
Symbol file LoadedFromMemory doesn't match image C:\Users\Laura\source\repos\Mortar-Mortar\Library\PackageCache\com.unity.visualscripting@1.8.0\Editor\VisualScripting.Core\Dependencies\DotNetZip\Unity.VisualScripting.IonicZip.dll
- Loaded All Assemblies, in  9.929 seconds
Refreshing native plugins compatible for Editor in 114.67 ms, found 11 plugins.
Native extension for WindowsStandalone target not found
Native extension for Android target not found
[Package Manager] Server::EnsureServerProcessIsRunning -- launch failed, reason: Unity was launched with the -noUpm command-line argument
[Package Manager] UpmClient::Send -- Unable to send message (not connected to UPM process).
[Package Manager] Cannot connect to Unity Package Manager local server
Mono: successfully reloaded assembly
[Package Manager] Server::EnsureServerProcessIsRunning -- launch failed, reason: Unity was launched with the -noUpm command-line argument
[Package Manager] UpmClient::Send -- Unable to send message (not connected to UPM process).
[Package Manager] Cannot connect to Unity Package Manager local server
- Finished resetting the current domain, in 14.947 seconds
Domain Reload Profiling: 24849ms
	BeginReloadAssembly (1841ms)
		ExecutionOrderSort (1ms)
		DisableScriptedObjects (192ms)
		BackupInstance (0ms)
		ReleaseScriptingObjects (2ms)
		CreateAndSetChildDomain (851ms)
	RebuildCommonClasses (247ms)
	RebuildNativeTypeToScriptingClass (63ms)
	initialDomainReloadingComplete (260ms)
	LoadAllAssembliesAndSetupDomain (7489ms)
		LoadAssemblies (5191ms)
		RebuildTransferFunctionScriptingTraits (0ms)
		AnalyzeDomain (2808ms)
			TypeCache.Refresh (2718ms)
				TypeCache.ScanAssembly (1821ms)
			ScanForSourceGeneratedMonoScriptInfo (48ms)
			ResolveRequiredComponents (42ms)
	FinalizeReload (14949ms)
		ReleaseScriptCaches (0ms)
		RebuildScriptCaches (0ms)
		SetupLoadedEditorAssemblies (2623ms)
			LogAssemblyErrors (0ms)
			InitializePlatformSupportModulesInManaged (139ms)
			SetLoadedEditorAssemblies (25ms)
			RefreshPlugins (0ms)
			BeforeProcessingInitializeOnLoad (686ms)
			ProcessInitializeOnLoadAttributes (1111ms)
			ProcessInitializeOnLoadMethodAttributes (621ms)
			AfterProcessingInitializeOnLoad (38ms)
			EditorAssembliesLoaded (4ms)
		ExecutionOrderSort2 (0ms)
		AwakeInstancesAfterBackupRestoration (50ms)
Shader 'TextMeshPro/Distance Field (UIHsvModifier)': fallback shader 'TextMeshPro/Mobile/Distance Field (UIHsv)' not found
Refreshing native plugins compatible for Editor in 179.78 ms, found 11 plugins.
Preloading 0 native plugins for Editor in 0.00 ms.
Unloading 7054 Unused Serialized files (Serialized files now loaded: 0)
Unloading 88 unused Assets / (2.3 MB). Loaded Objects now: 7767.
Memory consumption went from 317.7 MB to 315.4 MB.
Total: 70.945400 ms (FindLiveObjects: 11.328400 ms CreateObjectMapping: 2.377600 ms MarkObjects: 18.698000 ms  DeleteObjects: 38.536300 ms)

Prepare: number of updated asset objects reloaded= 0
AssetImportParameters requested are different than current active one (requested -> active):
  custom:container-demuxer-ogg: 62fdf1f143b41e24485cea50d1cbac27 -> 
  custom:framework-win-MediaFoundation: 216162199b28c13a410421893ffa2e32 -> 
  custom:container-muxer-webm: aa71ff27fc2769a1b78a27578f13a17b -> 
  custom:video-decoder-webm-vp8: 9c59270c3fd7afecdb556c50c9e8de78 -> 
  custom:AudioImporter_EditorPlatform: d09bf68614088b80899f8185d706f6e7 -> 
  custom:audio-decoder-ogg-vorbis: bf7c407c2cedff20999df2af8eb42d56 -> 
  custom:audio-encoder-webm-vorbis: bf7c407c2cedff20999df2af8eb42d56 -> 
  custom:video-codec-MediaFoundation-h265: 746d11721c4dcdbdad8f713fa42b33f4 -> 
  custom:video-decoder-ogg-theora: a1e56fd34408186e4bbccfd4996cb3dc -> 
  custom:container-demuxer-webm: 4f35f7cbe854078d1ac9338744f61a02 -> 
  custom:video-encoder-webm-vp8: eb34c28f22e8b96e1ab97ce403110664 -> 
========================================================================
Received Import Request.
  Time since last request: 511.227290 seconds.
  path: Assets/Scenes/BlankAR.unity
  artifactKey: Guid(6bdce89659816455b9f906fc62d19910) Importer(815301076,1909f56bfc062723c751e8b465ee728b)
Start importing Assets/Scenes/BlankAR.unity using Guid(6bdce89659816455b9f906fc62d19910) Importer(815301076,1909f56bfc062723c751e8b465ee728b)  -> (artifact id: '18123aaa5c8414fcc0086330f8e76ccd') in 0.017819 seconds
Number of updated asset objects reloaded before import = 0
Number of asset objects unloaded after import = 0
========================================================================
Received Prepare
Begin MonoManager ReloadAssembly
Symbol file LoadedFromMemory doesn't match image C:\Users\Laura\source\repos\Mortar-Mortar\Library\PackageCache\com.unity.visualscripting@1.8.0\Editor\VisualScripting.Core\Dependencies\YamlDotNet\Unity.VisualScripting.YamlDotNet.dll
Symbol file LoadedFromMemory doesn't match image C:\Users\Laura\source\repos\Mortar-Mortar\Library\PackageCache\com.unity.visualscripting@1.8.0\Editor\VisualScripting.Core\Dependencies\DotNetZip\Unity.VisualScripting.IonicZip.dll
- Loaded All Assemblies, in  8.525 seconds
Refreshing native plugins compatible for Editor in 90.78 ms, found 11 plugins.
Native extension for WindowsStandalone target not found
Native extension for Android target not found
[Package Manager] Server::EnsureServerProcessIsRunning -- launch failed, reason: Unity was launched with the -noUpm command-line argument
[Package Manager] UpmClient::Send -- Unable to send message (not connected to UPM process).
[Package Manager] Cannot connect to Unity Package Manager local server
Mono: successfully reloaded assembly
[Package Manager] Server::EnsureServerProcessIsRunning -- launch failed, reason: Unity was launched with the -noUpm command-line argument
[Package Manager] UpmClient::Send -- Unable to send message (not connected to UPM process).
[Package Manager] Cannot connect to Unity Package Manager local server
- Finished resetting the current domain, in 12.399 seconds
Domain Reload Profiling: 20902ms
	BeginReloadAssembly (1606ms)
		ExecutionOrderSort (0ms)
		DisableScriptedObjects (45ms)
		BackupInstance (0ms)
		ReleaseScriptingObjects (4ms)
		CreateAndSetChildDomain (463ms)
	RebuildCommonClasses (214ms)
	RebuildNativeTypeToScriptingClass (60ms)
	initialDomainReloadingComplete (187ms)
	LoadAllAssembliesAndSetupDomain (6434ms)
		LoadAssemblies (3350ms)
		RebuildTransferFunctionScriptingTraits (0ms)
		AnalyzeDomain (3716ms)
			TypeCache.Refresh (3585ms)
				TypeCache.ScanAssembly (2599ms)
			ScanForSourceGeneratedMonoScriptInfo (82ms)
			ResolveRequiredComponents (50ms)
	FinalizeReload (12401ms)
		ReleaseScriptCaches (0ms)
		RebuildScriptCaches (0ms)
		SetupLoadedEditorAssemblies (2965ms)
			LogAssemblyErrors (0ms)
			InitializePlatformSupportModulesInManaged (148ms)
			SetLoadedEditorAssemblies (35ms)
			RefreshPlugins (0ms)
			BeforeProcessingInitializeOnLoad (447ms)
			ProcessInitializeOnLoadAttributes (1491ms)
			ProcessInitializeOnLoadMethodAttributes (806ms)
			AfterProcessingInitializeOnLoad (35ms)
			EditorAssembliesLoaded (3ms)
		ExecutionOrderSort2 (1ms)
		AwakeInstancesAfterBackupRestoration (63ms)
Shader 'TextMeshPro/Distance Field (UIHsvModifier)': fallback shader 'TextMeshPro/Mobile/Distance Field (UIHsv)' not found
Refreshing native plugins compatible for Editor in 80.04 ms, found 11 plugins.
Preloading 0 native plugins for Editor in 0.00 ms.
Unloading 7055 Unused Serialized files (Serialized files now loaded: 0)
Unloading 84 unused Assets / (2.5 MB). Loaded Objects now: 7773.
Memory consumption went from 317.9 MB to 315.4 MB.
Total: 21.216000 ms (FindLiveObjects: 2.110700 ms CreateObjectMapping: 1.222500 ms MarkObjects: 14.245400 ms  DeleteObjects: 3.634400 ms)

Prepare: number of updated asset objects reloaded= 0
AssetImportParameters requested are different than current active one (requested -> active):
  custom:container-demuxer-ogg: 62fdf1f143b41e24485cea50d1cbac27 -> 
  custom:framework-win-MediaFoundation: 216162199b28c13a410421893ffa2e32 -> 
  custom:container-muxer-webm: aa71ff27fc2769a1b78a27578f13a17b -> 
  custom:video-decoder-webm-vp8: 9c59270c3fd7afecdb556c50c9e8de78 -> 
  custom:AudioImporter_EditorPlatform: d09bf68614088b80899f8185d706f6e7 -> 
  custom:audio-decoder-ogg-vorbis: bf7c407c2cedff20999df2af8eb42d56 -> 
  custom:audio-encoder-webm-vorbis: bf7c407c2cedff20999df2af8eb42d56 -> 
  custom:video-codec-MediaFoundation-h265: 746d11721c4dcdbdad8f713fa42b33f4 -> 
  custom:video-decoder-ogg-theora: a1e56fd34408186e4bbccfd4996cb3dc -> 
  custom:container-demuxer-webm: 4f35f7cbe854078d1ac9338744f61a02 -> 
  custom:video-encoder-webm-vp8: eb34c28f22e8b96e1ab97ce403110664 -> 
========================================================================
Received Import Request.
  Time since last request: 506.447915 seconds.
  path: Assets/Scripts/02_Scripts/Signals
  artifactKey: Guid(9d66bf3e2a72d824cb498d31f2cc3061) Importer(815301076,1909f56bfc062723c751e8b465ee728b)
Start importing Assets/Scripts/02_Scripts/Signals using Guid(9d66bf3e2a72d824cb498d31f2cc3061) Importer(815301076,1909f56bfc062723c751e8b465ee728b)  -> (artifact id: 'cc9304cecf4aa87cf5d75682c74e504b') in 0.050256 seconds
Number of updated asset objects reloaded before import = 0
Number of asset objects unloaded after import = 0
========================================================================
Received Import Request.
  Time since last request: 4.402319 seconds.
  path: Assets/Scripts/Menu.cs
  artifactKey: Guid(4121beb9068897647b92eddc6ace4fc5) Importer(815301076,1909f56bfc062723c751e8b465ee728b)
Start importing Assets/Scripts/Menu.cs using Guid(4121beb9068897647b92eddc6ace4fc5) Importer(815301076,1909f56bfc062723c751e8b465ee728b)  -> (artifact id: 'd0d71e53d1dbf8fd286cedbbbc0ecd71') in 0.003335 seconds
Number of updated asset objects reloaded before import = 0
Number of asset objects unloaded after import = 0
========================================================================
Received Import Request.
  Time since last request: 1000.698004 seconds.
  path: Assets/_Project/01_Prefabs/Towers/Towers/Tower1.prefab
  artifactKey: Guid(21510805478de124e817b84d1b1e13f7) Importer(815301076,1909f56bfc062723c751e8b465ee728b)
Start importing Assets/_Project/01_Prefabs/Towers/Towers/Tower1.prefab using Guid(21510805478de124e817b84d1b1e13f7) Importer(815301076,1909f56bfc062723c751e8b465ee728b)  -> (artifact id: 'ba2982701119db0103496d92d43f2ade') in 0.337975 seconds
Number of updated asset objects reloaded before import = 0
Number of asset objects unloaded after import = 1173
========================================================================
Received Prepare
Begin MonoManager ReloadAssembly
Symbol file LoadedFromMemory doesn't match image C:\Users\Laura\source\repos\Mortar-Mortar\Library\PackageCache\com.unity.visualscripting@1.8.0\Editor\VisualScripting.Core\Dependencies\YamlDotNet\Unity.VisualScripting.YamlDotNet.dll
Symbol file LoadedFromMemory doesn't match image C:\Users\Laura\source\repos\Mortar-Mortar\Library\PackageCache\com.unity.visualscripting@1.8.0\Editor\VisualScripting.Core\Dependencies\DotNetZip\Unity.VisualScripting.IonicZip.dll
- Loaded All Assemblies, in  9.529 seconds
Refreshing native plugins compatible for Editor in 224.56 ms, found 11 plugins.
Native extension for WindowsStandalone target not found
Native extension for Android target not found
[Package Manager] Server::EnsureServerProcessIsRunning -- launch failed, reason: Unity was launched with the -noUpm command-line argument
[Package Manager] UpmClient::Send -- Unable to send message (not connected to UPM process).
[Package Manager] Cannot connect to Unity Package Manager local server
Mono: successfully reloaded assembly
[Package Manager] Server::EnsureServerProcessIsRunning -- launch failed, reason: Unity was launched with the -noUpm command-line argument
[Package Manager] UpmClient::Send -- Unable to send message (not connected to UPM process).
[Package Manager] Cannot connect to Unity Package Manager local server
- Finished resetting the current domain, in 10.170 seconds
Domain Reload Profiling: 19843ms
	BeginReloadAssembly (3303ms)
		ExecutionOrderSort (0ms)
		DisableScriptedObjects (153ms)
		BackupInstance (0ms)
		ReleaseScriptingObjects (17ms)
		CreateAndSetChildDomain (1288ms)
	RebuildCommonClasses (200ms)
	RebuildNativeTypeToScriptingClass (56ms)
	initialDomainReloadingComplete (196ms)
	LoadAllAssembliesAndSetupDomain (5915ms)
		LoadAssemblies (3358ms)
		RebuildTransferFunctionScriptingTraits (0ms)
		AnalyzeDomain (2787ms)
			TypeCache.Refresh (2519ms)
				TypeCache.ScanAssembly (1908ms)
			ScanForSourceGeneratedMonoScriptInfo (92ms)
			ResolveRequiredComponents (176ms)
	FinalizeReload (10173ms)
		ReleaseScriptCaches (0ms)
		RebuildScriptCaches (0ms)
		SetupLoadedEditorAssemblies (2642ms)
			LogAssemblyErrors (0ms)
			InitializePlatformSupportModulesInManaged (129ms)
			SetLoadedEditorAssemblies (30ms)
			RefreshPlugins (0ms)
			BeforeProcessingInitializeOnLoad (446ms)
			ProcessInitializeOnLoadAttributes (1426ms)
			ProcessInitializeOnLoadMethodAttributes (588ms)
			AfterProcessingInitializeOnLoad (22ms)
			EditorAssembliesLoaded (1ms)
		ExecutionOrderSort2 (0ms)
		AwakeInstancesAfterBackupRestoration (40ms)
Shader 'TextMeshPro/Distance Field (UIHsvModifier)': fallback shader 'TextMeshPro/Mobile/Distance Field (UIHsv)' not found
Refreshing native plugins compatible for Editor in 99.17 ms, found 11 plugins.
Preloading 0 native plugins for Editor in 0.00 ms.
Unloading 7055 Unused Serialized files (Serialized files now loaded: 0)
Unloading 84 unused Assets / (2.4 MB). Loaded Objects now: 7780.
Memory consumption went from 317.9 MB to 315.6 MB.
Total: 22.160500 ms (FindLiveObjects: 1.812100 ms CreateObjectMapping: 1.856700 ms MarkObjects: 15.226200 ms  DeleteObjects: 3.262200 ms)

Prepare: number of updated asset objects reloaded= 0
AssetImportParameters requested are different than current active one (requested -> active):
  custom:container-demuxer-ogg: 62fdf1f143b41e24485cea50d1cbac27 -> 
  custom:framework-win-MediaFoundation: 216162199b28c13a410421893ffa2e32 -> 
  custom:container-muxer-webm: aa71ff27fc2769a1b78a27578f13a17b -> 
  custom:video-decoder-webm-vp8: 9c59270c3fd7afecdb556c50c9e8de78 -> 
  custom:AudioImporter_EditorPlatform: d09bf68614088b80899f8185d706f6e7 -> 
  custom:audio-decoder-ogg-vorbis: bf7c407c2cedff20999df2af8eb42d56 -> 
  custom:audio-encoder-webm-vorbis: bf7c407c2cedff20999df2af8eb42d56 -> 
  custom:video-codec-MediaFoundation-h265: 746d11721c4dcdbdad8f713fa42b33f4 -> 
  custom:video-decoder-ogg-theora: a1e56fd34408186e4bbccfd4996cb3dc -> 
  custom:container-demuxer-webm: 4f35f7cbe854078d1ac9338744f61a02 -> 
  custom:video-encoder-webm-vp8: eb34c28f22e8b96e1ab97ce403110664 -> 
========================================================================
Received Import Request.
  Time since last request: 540.024863 seconds.
  path: Assets/UniversalRenderPipelineGlobalSettings.asset
  artifactKey: Guid(63e93aa0ade98c94eb37f0acaccd058e) Importer(815301076,1909f56bfc062723c751e8b465ee728b)
Start importing Assets/UniversalRenderPipelineGlobalSettings.asset using Guid(63e93aa0ade98c94eb37f0acaccd058e) Importer(815301076,1909f56bfc062723c751e8b465ee728b)  -> (artifact id: '5e63607f395d8e9ed988b3795141c7f2') in 0.064601 seconds
Number of updated asset objects reloaded before import = 0
Number of asset objects unloaded after import = 1
========================================================================
Received Import Request.
  Time since last request: 209.911624 seconds.
  path: Assets/_Project/01_Prefabs/Towers/Towers/Tower.prefab
  artifactKey: Guid(133722c45f9a88446bf05027c5f4e5a8) Importer(815301076,1909f56bfc062723c751e8b465ee728b)
Start importing Assets/_Project/01_Prefabs/Towers/Towers/Tower.prefab using Guid(133722c45f9a88446bf05027c5f4e5a8) Importer(815301076,1909f56bfc062723c751e8b465ee728b)  -> (artifact id: '0dbccdf08219d5a78760542658224b70') in 0.129211 seconds
Number of updated asset objects reloaded before import = 0
Number of asset objects unloaded after import = 1468
========================================================================
Received Import Request.
  Time since last request: 148.780781 seconds.
  path: Assets/_Project/01_Prefabs/Towers/Towers/Platform.prefab
  artifactKey: Guid(7b9b3c1c9e01f2d4fa8dd4958d9a534a) Importer(815301076,1909f56bfc062723c751e8b465ee728b)
Start importing Assets/_Project/01_Prefabs/Towers/Towers/Platform.prefab using Guid(7b9b3c1c9e01f2d4fa8dd4958d9a534a) Importer(815301076,1909f56bfc062723c751e8b465ee728b)  -> (artifact id: '25016cb905d12096748b691fb43d8d6b') in 0.015379 seconds
Number of updated asset objects reloaded before import = 0
Number of asset objects unloaded after import = 6
========================================================================
Received Import Request.
  Time since last request: 23.814159 seconds.
  path: Assets/_Project/01_Prefabs/Towers/Towers/Complete/Mortini.prefab
  artifactKey: Guid(43d7196907d3db34f91bb9fd015d9df5) Importer(815301076,1909f56bfc062723c751e8b465ee728b)
Start importing Assets/_Project/01_Prefabs/Towers/Towers/Complete/Mortini.prefab using Guid(43d7196907d3db34f91bb9fd015d9df5) Importer(815301076,1909f56bfc062723c751e8b465ee728b)  -> (artifact id: '00e55e8b81060175ca29572072a66222') in 0.021795 seconds
Number of updated asset objects reloaded before import = 0
Number of asset objects unloaded after import = 508
========================================================================
Received Import Request.
  Time since last request: 26.886999 seconds.
  path: Assets/_Project/03_Meshes/Materials
  artifactKey: Guid(9a684c7c204a9b0458405e3f0dbc7935) Importer(815301076,1909f56bfc062723c751e8b465ee728b)
Start importing Assets/_Project/03_Meshes/Materials using Guid(9a684c7c204a9b0458405e3f0dbc7935) Importer(815301076,1909f56bfc062723c751e8b465ee728b)  -> (artifact id: 'a966b9a1e880cfa50aff17d9e53c6c52') in 0.004667 seconds
Number of updated asset objects reloaded before import = 0
Number of asset objects unloaded after import = 0
========================================================================
Received Import Request.
  Time since last request: 102.440376 seconds.
  path: Assets/_Project/01_Prefabs/Towers/Towers/Complete/GamesOfMorts.prefab
  artifactKey: Guid(42b3bc64f2f4ed84badf09fb501475cd) Importer(815301076,1909f56bfc062723c751e8b465ee728b)
Start importing Assets/_Project/01_Prefabs/Towers/Towers/Complete/GamesOfMorts.prefab using Guid(42b3bc64f2f4ed84badf09fb501475cd) Importer(815301076,1909f56bfc062723c751e8b465ee728b)  -> (artifact id: '47da9e26d567185cf1b7eb154c579306') in 0.019726 seconds
Number of updated asset objects reloaded before import = 0
Number of asset objects unloaded after import = 392
========================================================================
Received Import Request.
  Time since last request: 49.368028 seconds.
  path: Assets/Scenes/Menu.unity
  artifactKey: Guid(2b24f7fa58fce824ebcebca62c09d35b) Importer(815301076,1909f56bfc062723c751e8b465ee728b)
Start importing Assets/Scenes/Menu.unity using Guid(2b24f7fa58fce824ebcebca62c09d35b) Importer(815301076,1909f56bfc062723c751e8b465ee728b)  -> (artifact id: '03104a3a62b4bc022ea8d2c05510bc5a') in 0.001418 seconds
Number of updated asset objects reloaded before import = 0
Number of asset objects unloaded after import = 0
========================================================================
Received Import Request.
  Time since last request: 79.253163 seconds.
  path: Assets/_Project/01_Prefabs/Towers/Towers/Complete/Tutorial.prefab
  artifactKey: Guid(40e1bec4dd0cda0478990a814b232d32) Importer(815301076,1909f56bfc062723c751e8b465ee728b)
Start importing Assets/_Project/01_Prefabs/Towers/Towers/Complete/Tutorial.prefab using Guid(40e1bec4dd0cda0478990a814b232d32) Importer(815301076,1909f56bfc062723c751e8b465ee728b)  -> (artifact id: '57bfe60363424847072e1ba4052948b0') in 0.062979 seconds
Number of updated asset objects reloaded before import = 0
Number of asset objects unloaded after import = 1475
========================================================================
Received Import Request.
  Time since last request: 20.954626 seconds.
  path: Assets/_Project/01_Prefabs/Towers/Blocks/Block.prefab
  artifactKey: Guid(74cbb48b98567a94b9072ad78846cea1) Importer(815301076,1909f56bfc062723c751e8b465ee728b)
Start importing Assets/_Project/01_Prefabs/Towers/Blocks/Block.prefab using Guid(74cbb48b98567a94b9072ad78846cea1) Importer(815301076,1909f56bfc062723c751e8b465ee728b)  -> (artifact id: '877e3e77d858bd6f482a80781dfbb66e') in 0.112253 seconds
Number of updated asset objects reloaded before import = 0
Number of asset objects unloaded after import = 13
========================================================================
Received Import Request.
  Time since last request: 0.000049 seconds.
  path: Assets/_Project/01_Prefabs/Towers/Blocks/Block_Roof_Window.prefab
  artifactKey: Guid(aff39fa0d180c22489c50eae8957d471) Importer(815301076,1909f56bfc062723c751e8b465ee728b)
Start importing Assets/_Project/01_Prefabs/Towers/Blocks/Block_Roof_Window.prefab using Guid(aff39fa0d180c22489c50eae8957d471) Importer(815301076,1909f56bfc062723c751e8b465ee728b)  -> (artifact id: '720003937f606e05cf6893bbf7fd17c6') in 0.010231 seconds
Number of updated asset objects reloaded before import = 0
Number of asset objects unloaded after import = 83
========================================================================
Received Import Request.
  Time since last request: 0.000072 seconds.
  path: Assets/_Project/01_Prefabs/Blocks/Block_Stone_1x2.prefab
  artifactKey: Guid(2416042ea2baa4f42821c770046dc0b4) Importer(815301076,1909f56bfc062723c751e8b465ee728b)
Start importing Assets/_Project/01_Prefabs/Blocks/Block_Stone_1x2.prefab using Guid(2416042ea2baa4f42821c770046dc0b4) Importer(815301076,1909f56bfc062723c751e8b465ee728b)  -> (artifact id: 'ac27fa0c1be2671857095a9f61811c08') in 0.009696 seconds
Number of updated asset objects reloaded before import = 0
Number of asset objects unloaded after import = 13
========================================================================
Received Import Request.
  Time since last request: 0.000036 seconds.
  path: Assets/_Project/01_Prefabs/Towers/Blocks/Block_Stairs.prefab
  artifactKey: Guid(08fa77fba7607004c99b1091e5b2ae4e) Importer(815301076,1909f56bfc062723c751e8b465ee728b)
Start importing Assets/_Project/01_Prefabs/Towers/Blocks/Block_Stairs.prefab using Guid(08fa77fba7607004c99b1091e5b2ae4e) Importer(815301076,1909f56bfc062723c751e8b465ee728b)  -> (artifact id: '62d82da282c1c23accb51aacdc9347b8') in 0.010496 seconds
Number of updated asset objects reloaded before import = 0
Number of asset objects unloaded after import = 13
========================================================================
Received Import Request.
  Time since last request: 0.000038 seconds.
  path: Assets/_Project/01_Prefabs/Blocks/Block_Wall_3x3_Frame_Wood.prefab
  artifactKey: Guid(3181902f94662364ba5003269b54b19b) Importer(815301076,1909f56bfc062723c751e8b465ee728b)
Start importing Assets/_Project/01_Prefabs/Blocks/Block_Wall_3x3_Frame_Wood.prefab using Guid(3181902f94662364ba5003269b54b19b) Importer(815301076,1909f56bfc062723c751e8b465ee728b)  -> (artifact id: '77a4084a4e334520028e83e1c37078e1') in 0.006669 seconds
Number of updated asset objects reloaded before import = 0
Number of asset objects unloaded after import = 36
========================================================================
Received Import Request.
  Time since last request: 0.000040 seconds.
  path: Assets/_Project/01_Prefabs/Blocks/Block_Wood_1x1.prefab
  artifactKey: Guid(cf0174d06e5c45945b1f78c50c9de1d9) Importer(815301076,1909f56bfc062723c751e8b465ee728b)
Start importing Assets/_Project/01_Prefabs/Blocks/Block_Wood_1x1.prefab using Guid(cf0174d06e5c45945b1f78c50c9de1d9) Importer(815301076,1909f56bfc062723c751e8b465ee728b)  -> (artifact id: 'ca71f30975e63fca288db0bd4d5c2208') in 0.009684 seconds
Number of updated asset objects reloaded before import = 0
Number of asset objects unloaded after import = 13
========================================================================
Received Import Request.
  Time since last request: 0.000040 seconds.
  path: Assets/_Project/01_Prefabs/Towers/Blocks/Block_Wall_3x4_Frame_Wood.prefab
  artifactKey: Guid(9abb3c6d457ade2409060c1580b4915d) Importer(815301076,1909f56bfc062723c751e8b465ee728b)
Start importing Assets/_Project/01_Prefabs/Towers/Blocks/Block_Wall_3x4_Frame_Wood.prefab using Guid(9abb3c6d457ade2409060c1580b4915d) Importer(815301076,1909f56bfc062723c751e8b465ee728b)  -> (artifact id: '64dad780a78648ea397cc85552309311') in 0.006493 seconds
Number of updated asset objects reloaded before import = 0
Number of asset objects unloaded after import = 40
========================================================================
Received Import Request.
  Time since last request: 0.000038 seconds.
  path: Assets/_Project/01_Prefabs/Towers/Blocks/Bullet.prefab
  artifactKey: Guid(8a9aeb0683da9da4c93981dcf26a7a24) Importer(815301076,1909f56bfc062723c751e8b465ee728b)
Start importing Assets/_Project/01_Prefabs/Towers/Blocks/Bullet.prefab using Guid(8a9aeb0683da9da4c93981dcf26a7a24) Importer(815301076,1909f56bfc062723c751e8b465ee728b)  -> (artifact id: '984e6140ea910a2476168afc9c52c8d9') in 0.016323 seconds
Number of updated asset objects reloaded before import = 0
Number of asset objects unloaded after import = 7
========================================================================
Received Import Request.
  Time since last request: 0.000066 seconds.
  path: Assets/_Project/01_Prefabs/Towers/Blocks/Block_Roof_Top.prefab
  artifactKey: Guid(5570dc62552986a47bfd07865bd8ce6c) Importer(815301076,1909f56bfc062723c751e8b465ee728b)
Start importing Assets/_Project/01_Prefabs/Towers/Blocks/Block_Roof_Top.prefab using Guid(5570dc62552986a47bfd07865bd8ce6c) Importer(815301076,1909f56bfc062723c751e8b465ee728b)  -> (artifact id: '9e7c51d094f5da38f6084b6197697d1b') in 0.006663 seconds
Number of updated asset objects reloaded before import = 0
Number of asset objects unloaded after import = 52
========================================================================
Received Import Request.
  Time since last request: 0.000052 seconds.
  path: Assets/_Project/01_Prefabs/Blocks/Block_Wood_3x1.prefab
  artifactKey: Guid(5f96ef4cd365d1c4eae0ec98b86b022d) Importer(815301076,1909f56bfc062723c751e8b465ee728b)
Start importing Assets/_Project/01_Prefabs/Blocks/Block_Wood_3x1.prefab using Guid(5f96ef4cd365d1c4eae0ec98b86b022d) Importer(815301076,1909f56bfc062723c751e8b465ee728b)  -> (artifact id: '780787582e883cddebfd55bf0772aed6') in 0.009269 seconds
Number of updated asset objects reloaded before import = 0
Number of asset objects unloaded after import = 24
========================================================================
Received Import Request.
  Time since last request: 0.000074 seconds.
  path: Assets/_Project/01_Prefabs/Blocks/Block_Wall_3x5_Frame_Wood_Window.prefab
  artifactKey: Guid(3842eb0eddab2d146bff5e6bf0283f71) Importer(815301076,1909f56bfc062723c751e8b465ee728b)
Start importing Assets/_Project/01_Prefabs/Blocks/Block_Wall_3x5_Frame_Wood_Window.prefab using Guid(3842eb0eddab2d146bff5e6bf0283f71) Importer(815301076,1909f56bfc062723c751e8b465ee728b)  -> (artifact id: '022a61788672fc89c81ee92339f8f067') in 0.006110 seconds
Number of updated asset objects reloaded before import = 0
Number of asset objects unloaded after import = 52
========================================================================
Received Import Request.
  Time since last request: 0.000045 seconds.
  path: Assets/_Project/01_Prefabs/Blocks/Block_Wall_5x5_Frame_Wood.prefab
  artifactKey: Guid(0f524a4cb392c024491dccbe358753b2) Importer(815301076,1909f56bfc062723c751e8b465ee728b)
Start importing Assets/_Project/01_Prefabs/Blocks/Block_Wall_5x5_Frame_Wood.prefab using Guid(0f524a4cb392c024491dccbe358753b2) Importer(815301076,1909f56bfc062723c751e8b465ee728b)  -> (artifact id: '55dfd0e27bcb003bd66db16feac726cc') in 0.006889 seconds
Number of updated asset objects reloaded before import = 0
Number of asset objects unloaded after import = 48
========================================================================
Received Import Request.
  Time since last request: 0.000044 seconds.
  path: Assets/_Project/01_Prefabs/Towers/Blocks/Block_Stone_5x1.prefab
  artifactKey: Guid(e966133637095284a85106dd591bb037) Importer(815301076,1909f56bfc062723c751e8b465ee728b)
Start importing Assets/_Project/01_Prefabs/Towers/Blocks/Block_Stone_5x1.prefab using Guid(e966133637095284a85106dd591bb037) Importer(815301076,1909f56bfc062723c751e8b465ee728b)  -> (artifact id: '7ccd7cf25235fd75545c97ba1da59fba') in 0.006929 seconds
Number of updated asset objects reloaded before import = 0
Number of asset objects unloaded after import = 13
========================================================================
Received Import Request.
  Time since last request: 0.000042 seconds.
  path: Assets/_Project/01_Prefabs/Towers/Blocks/Block_Stone_1x2.prefab
  artifactKey: Guid(8b6879e04540bce469435e0fbf8b9e30) Importer(815301076,1909f56bfc062723c751e8b465ee728b)
Start importing Assets/_Project/01_Prefabs/Towers/Blocks/Block_Stone_1x2.prefab using Guid(8b6879e04540bce469435e0fbf8b9e30) Importer(815301076,1909f56bfc062723c751e8b465ee728b)  -> (artifact id: 'dad6eb0724bf677ef032ddc1b3d4c5a1') in 0.007660 seconds
Number of updated asset objects reloaded before import = 0
Number of asset objects unloaded after import = 13
========================================================================
Received Import Request.
  Time since last request: 0.000057 seconds.
  path: Assets/_Project/01_Prefabs/Blocks/Block_Wood_5x1_End.prefab
  artifactKey: Guid(a70357aacb9951343af73d9b4d47a4d8) Importer(815301076,1909f56bfc062723c751e8b465ee728b)
Start importing Assets/_Project/01_Prefabs/Blocks/Block_Wood_5x1_End.prefab using Guid(a70357aacb9951343af73d9b4d47a4d8) Importer(815301076,1909f56bfc062723c751e8b465ee728b)  -> (artifact id: 'a6e6e24667ea50bcb34615825fe1ae11') in 0.010684 seconds
Number of updated asset objects reloaded before import = 0
Number of asset objects unloaded after import = 24
========================================================================
Received Import Request.
  Time since last request: 0.000057 seconds.
  path: Assets/_Project/01_Prefabs/Towers/Blocks/Block_Stone_1x1.prefab
  artifactKey: Guid(e5e1ee1fbf6675c4ca0e884613f5b20f) Importer(815301076,1909f56bfc062723c751e8b465ee728b)
Start importing Assets/_Project/01_Prefabs/Towers/Blocks/Block_Stone_1x1.prefab using Guid(e5e1ee1fbf6675c4ca0e884613f5b20f) Importer(815301076,1909f56bfc062723c751e8b465ee728b)  -> (artifact id: '5fe8a20faea18ff6fd15c06281302230') in 0.006822 seconds
Number of updated asset objects reloaded before import = 0
Number of asset objects unloaded after import = 13
========================================================================
Received Import Request.
  Time since last request: 0.000038 seconds.
  path: Assets/_Project/01_Prefabs/Blocks/Block_Stone_5x1.prefab
  artifactKey: Guid(0c3c406f574d907418b926843982df9f) Importer(815301076,1909f56bfc062723c751e8b465ee728b)
Start importing Assets/_Project/01_Prefabs/Blocks/Block_Stone_5x1.prefab using Guid(0c3c406f574d907418b926843982df9f) Importer(815301076,1909f56bfc062723c751e8b465ee728b)  -> (artifact id: '77bda42816c919ef7150670ac4ae169f') in 0.007600 seconds
Number of updated asset objects reloaded before import = 0
Number of asset objects unloaded after import = 13
========================================================================
Received Import Request.
  Time since last request: 0.000088 seconds.
  path: Assets/_Project/01_Prefabs/Towers/Blocks/Block_Wood_5x1_End.prefab
  artifactKey: Guid(10d180e460bae2349b3393316812f036) Importer(815301076,1909f56bfc062723c751e8b465ee728b)
Start importing Assets/_Project/01_Prefabs/Towers/Blocks/Block_Wood_5x1_End.prefab using Guid(10d180e460bae2349b3393316812f036) Importer(815301076,1909f56bfc062723c751e8b465ee728b)  -> (artifact id: '445c065594654066e2ac101acb51aa5d') in 0.006563 seconds
Number of updated asset objects reloaded before import = 0
Number of asset objects unloaded after import = 24
========================================================================
Received Import Request.
  Time since last request: 0.000069 seconds.
  path: Assets/_Project/01_Prefabs/Blocks/Block_Wall_3x4_Frame_Wood.prefab
  artifactKey: Guid(208a00aa9426d264f9c68c4d1aa90e5b) Importer(815301076,1909f56bfc062723c751e8b465ee728b)
Start importing Assets/_Project/01_Prefabs/Blocks/Block_Wall_3x4_Frame_Wood.prefab using Guid(208a00aa9426d264f9c68c4d1aa90e5b) Importer(815301076,1909f56bfc062723c751e8b465ee728b)  -> (artifact id: '157d4c72f277ca62add606932453fa5e') in 0.008032 seconds
Number of updated asset objects reloaded before import = 0
Number of asset objects unloaded after import = 40
========================================================================
Received Import Request.
  Time since last request: 0.000060 seconds.
  path: Assets/_Project/01_Prefabs/Towers/Blocks/Block_Wood_1x1.prefab
  artifactKey: Guid(259027276c4c1bf4fb553cfcd9fc3e03) Importer(815301076,1909f56bfc062723c751e8b465ee728b)
Start importing Assets/_Project/01_Prefabs/Towers/Blocks/Block_Wood_1x1.prefab using Guid(259027276c4c1bf4fb553cfcd9fc3e03) Importer(815301076,1909f56bfc062723c751e8b465ee728b)  -> (artifact id: '952e490021007344ca0655090bd27175') in 0.006621 seconds
Number of updated asset objects reloaded before import = 0
Number of asset objects unloaded after import = 13
========================================================================
Received Import Request.
  Time since last request: 1.792851 seconds.
  path: Assets/_Project/01_Prefabs/Towers/Towers/Complete/Mortallica.prefab
  artifactKey: Guid(2f66af44a8456c24d8b91e2e2ff49e3e) Importer(815301076,1909f56bfc062723c751e8b465ee728b)
Start importing Assets/_Project/01_Prefabs/Towers/Towers/Complete/Mortallica.prefab using Guid(2f66af44a8456c24d8b91e2e2ff49e3e) Importer(815301076,1909f56bfc062723c751e8b465ee728b)  -> (artifact id: 'd97097180d5d4760338925068c08b2c8') in 0.030080 seconds
Number of updated asset objects reloaded before import = 0
Number of asset objects unloaded after import = 732
========================================================================
Received Import Request.
  Time since last request: 0.124113 seconds.
  path: Assets/_Project/01_Prefabs/UI/Mortar.prefab
  artifactKey: Guid(3bd78336a71ccb549be4fa1a91a8a9f3) Importer(815301076,1909f56bfc062723c751e8b465ee728b)
Start importing Assets/_Project/01_Prefabs/UI/Mortar.prefab using Guid(3bd78336a71ccb549be4fa1a91a8a9f3) Importer(815301076,1909f56bfc062723c751e8b465ee728b)  -> (artifact id: '8cb25503860033e4ca5c147051857e2b') in 0.049083 seconds
Number of updated asset objects reloaded before import = 0
Number of asset objects unloaded after import = 141
========================================================================
Received Import Request.
  Time since last request: 0.000057 seconds.
  path: Assets/_Project/01_Prefabs/PlayerPivot.prefab
  artifactKey: Guid(8e786e935d67757438e01afaebaa6494) Importer(815301076,1909f56bfc062723c751e8b465ee728b)
Start importing Assets/_Project/01_Prefabs/PlayerPivot.prefab using Guid(8e786e935d67757438e01afaebaa6494) Importer(815301076,1909f56bfc062723c751e8b465ee728b)  -> (artifact id: '0baf5bb554a66efad8523c285dd61344') in 0.030425 seconds
Number of updated asset objects reloaded before import = 0
Number of asset objects unloaded after import = 139
========================================================================
Received Import Request.
  Time since last request: 0.118326 seconds.
  path: Assets/_Project/01_Prefabs/Towers/Towers/Complete/RickAndMortar.prefab
  artifactKey: Guid(192fcd41b6e7f6c4fb18589c0efaefd4) Importer(815301076,1909f56bfc062723c751e8b465ee728b)
Start importing Assets/_Project/01_Prefabs/Towers/Towers/Complete/RickAndMortar.prefab using Guid(192fcd41b6e7f6c4fb18589c0efaefd4) Importer(815301076,1909f56bfc062723c751e8b465ee728b)  -> (artifact id: '6b4eb6398aa3b716dd782e345116b7f2') in 0.028305 seconds
Number of updated asset objects reloaded before import = 0
Number of asset objects unloaded after import = 958
========================================================================
Received Import Request.
  Time since last request: 0.000041 seconds.
  path: Assets/_Project/01_Prefabs/Tower.prefab
  artifactKey: Guid(3a4f316b95733df44aa9889a75bf6598) Importer(815301076,1909f56bfc062723c751e8b465ee728b)
Start importing Assets/_Project/01_Prefabs/Tower.prefab using Guid(3a4f316b95733df44aa9889a75bf6598) Importer(815301076,1909f56bfc062723c751e8b465ee728b)  -> (artifact id: 'ae89ecf5601c1683d909b761f05f845c') in 0.059487 seconds
Number of updated asset objects reloaded before import = 0
Number of asset objects unloaded after import = 1623
========================================================================
Received Import Request.
  Time since last request: 0.000055 seconds.
  path: Assets/_Project/01_Prefabs/Tower 3.prefab
  artifactKey: Guid(6b1ee834950d25d4da313ae7ecdff267) Importer(815301076,1909f56bfc062723c751e8b465ee728b)
Start importing Assets/_Project/01_Prefabs/Tower 3.prefab using Guid(6b1ee834950d25d4da313ae7ecdff267) Importer(815301076,1909f56bfc062723c751e8b465ee728b)  -> (artifact id: '4b0fc65fdfbe04d467ed2d6df448aff7') in 0.021800 seconds
Number of updated asset objects reloaded before import = 0
Number of asset objects unloaded after import = 642
========================================================================
Received Import Request.
  Time since last request: 0.000063 seconds.
  path: Assets/_Project/01_Prefabs/Tower 6.prefab
  artifactKey: Guid(e21f4f9ebdb75b3448b0f4d85be1c40a) Importer(815301076,1909f56bfc062723c751e8b465ee728b)
Start importing Assets/_Project/01_Prefabs/Tower 6.prefab using Guid(e21f4f9ebdb75b3448b0f4d85be1c40a) Importer(815301076,1909f56bfc062723c751e8b465ee728b)  -> (artifact id: '85202d083c8aadb8c93bc043e25951ac') in 0.016955 seconds
Number of updated asset objects reloaded before import = 0
Number of asset objects unloaded after import = 385
========================================================================
Received Import Request.
  Time since last request: 0.000049 seconds.
  path: Assets/_Project/01_Prefabs/Tower 5.prefab
  artifactKey: Guid(7f50ae4626353a148b534489684fc23b) Importer(815301076,1909f56bfc062723c751e8b465ee728b)
Start importing Assets/_Project/01_Prefabs/Tower 5.prefab using Guid(7f50ae4626353a148b534489684fc23b) Importer(815301076,1909f56bfc062723c751e8b465ee728b)  -> (artifact id: '023b01316b5fb675acfea6870187954a') in 0.037881 seconds
Number of updated asset objects reloaded before import = 0
Number of asset objects unloaded after import = 1101
========================================================================
Received Import Request.
  Time since last request: 0.000052 seconds.
  path: Assets/_Project/01_Prefabs/Towers/Towers/Tower3.prefab
  artifactKey: Guid(00dda59eba19cce438f881c5c9b9c53d) Importer(815301076,1909f56bfc062723c751e8b465ee728b)
Start importing Assets/_Project/01_Prefabs/Towers/Towers/Tower3.prefab using Guid(00dda59eba19cce438f881c5c9b9c53d) Importer(815301076,1909f56bfc062723c751e8b465ee728b)  -> (artifact id: 'e8f1b850d75f071cd23a50b24dcb7ae0') in 0.029933 seconds
Number of updated asset objects reloaded before import = 0
Number of asset objects unloaded after import = 725
========================================================================
Received Import Request.
  Time since last request: 0.000053 seconds.
  path: Assets/_Project/01_Prefabs/Tower 3 var.prefab
  artifactKey: Guid(d916ca8a5ac50b74693150e02d5d8403) Importer(815301076,1909f56bfc062723c751e8b465ee728b)
Start importing Assets/_Project/01_Prefabs/Tower 3 var.prefab using Guid(d916ca8a5ac50b74693150e02d5d8403) Importer(815301076,1909f56bfc062723c751e8b465ee728b)  -> (artifact id: 'a106a14961ea30dfaa1648aba08d7094') in 0.038037 seconds
Number of updated asset objects reloaded before import = 0
Number of asset objects unloaded after import = 509
========================================================================
Received Prepare
Shader 'TextMeshPro/Distance Field (UIHsvModifier)': fallback shader 'TextMeshPro/Mobile/Distance Field (UIHsv)' not found
Refreshing native plugins compatible for Editor in 66.79 ms, found 11 plugins.
Preloading 0 native plugins for Editor in 0.00 ms.
Unloading 9 Unused Serialized files (Serialized files now loaded: 0)
Unloading 9 unused Assets / (2.4 MB). Loaded Objects now: 7782.
Memory consumption went from 210.4 MB to 208.1 MB.
Total: 259.666300 ms (FindLiveObjects: 4.828000 ms CreateObjectMapping: 1.719800 ms MarkObjects: 250.676200 ms  DeleteObjects: 2.436000 ms)

Prepare: number of updated asset objects reloaded= 0
AssetImportParameters requested are different than current active one (requested -> active):
  custom:container-demuxer-ogg: 62fdf1f143b41e24485cea50d1cbac27 -> 
  custom:framework-win-MediaFoundation: 216162199b28c13a410421893ffa2e32 -> 
  custom:container-muxer-webm: aa71ff27fc2769a1b78a27578f13a17b -> 
  custom:video-decoder-webm-vp8: 9c59270c3fd7afecdb556c50c9e8de78 -> 
  custom:AudioImporter_EditorPlatform: d09bf68614088b80899f8185d706f6e7 -> 
  custom:audio-decoder-ogg-vorbis: bf7c407c2cedff20999df2af8eb42d56 -> 
  custom:audio-encoder-webm-vorbis: bf7c407c2cedff20999df2af8eb42d56 -> 
  custom:video-codec-MediaFoundation-h265: 746d11721c4dcdbdad8f713fa42b33f4 -> 
  custom:video-decoder-ogg-theora: a1e56fd34408186e4bbccfd4996cb3dc -> 
  custom:container-demuxer-webm: 4f35f7cbe854078d1ac9338744f61a02 -> 
  custom:video-encoder-webm-vp8: eb34c28f22e8b96e1ab97ce403110664 -> 
